python : C:\Users\jcrod\Desktop\Programacion\Gobernaci¾n\GestionIndicadores_Backe
nd\venv\Lib\site-packages\apispec\ext\marshmallow\openapi.py:134: UserWarning: 
Multiple schemas resolved to the name User. The name has been modified. Either 
manually add each of the schemas with a different name or provide a custom 
schema_name_resolver.
En línea: 1 Carácter: 1
+ python app.py 2>&1 | Out-File -FilePath error.log -Encoding utf8; Get ...
+ ~~~~~~~~~~~~~~~~~~
    + CategoryInfo          : NotSpecified: (C:\Users\jcrod\..._name_resolver.:S 
   tring) [], RemoteException
    + FullyQualifiedErrorId : NativeCommandError
 
  name = get_unique_schema_name(self.spec.components, name)
C:\Users\jcrod\Desktop\Programacion\Gobernaci¾n\GestionIndicadores_Backend\venv\L
ib\site-packages\apispec\ext\marshmallow\openapi.py:134: UserWarning: Multiple 
schemas resolved to the name Dataset. The name has been modified. Either 
manually add each of the schemas with a different name or provide a custom 
schema_name_resolver.
  name = get_unique_schema_name(self.spec.components, name)
C:\Users\jcrod\Desktop\Programacion\Gobernaci¾n\GestionIndicadores_Backend\venv\L
ib\site-packages\apispec\ext\marshmallow\openapi.py:134: UserWarning: Multiple 
schemas resolved to the name Field. The name has been modified. Either manually 
add each of the schemas with a different name or provide a custom 
schema_name_resolver.
  name = get_unique_schema_name(self.spec.components, name)
C:\Users\jcrod\Desktop\Programacion\Gobernaci¾n\GestionIndicadores_Backend\venv\L
ib\site-packages\apispec\ext\marshmallow\openapi.py:134: UserWarning: Multiple 
schemas resolved to the name Record. The name has been modified. Either manually 
add each of the schemas with a different name or provide a custom 
schema_name_resolver.
  name = get_unique_schema_name(self.spec.components, name)
C:\Users\jcrod\Desktop\Programacion\Gobernaci¾n\GestionIndicadores_Backend\venv\L
ib\site-packages\apispec\ext\marshmallow\openapi.py:134: UserWarning: Multiple 
schemas resolved to the name Table. The name has been modified. Either manually 
add each of the schemas with a different name or provide a custom 
schema_name_resolver.
  name = get_unique_schema_name(self.spec.components, name)
 * Serving Flask app 'app'
 * Debug mode: on
WARNING: This is a development server. Do not use it in a production deployment. 
Use a production WSGI server instead.
 * Running on all addresses (0.0.0.0)
 * Running on http://127.0.0.1:5000
 * Running on http://192.168.1.5:5000
Press CTRL+C to quit
 * Restarting with stat
C:\Users\jcrod\Desktop\Programacion\Gobernaci¾n\GestionIndicadores_Backend\venv\L
ib\site-packages\apispec\ext\marshmallow\openapi.py:134: UserWarning: Multiple 
schemas resolved to the name User. The name has been modified. Either manually 
add each of the schemas with a different name or provide a custom 
schema_name_resolver.
  name = get_unique_schema_name(self.spec.components, name)
C:\Users\jcrod\Desktop\Programacion\Gobernaci¾n\GestionIndicadores_Backend\venv\L
ib\site-packages\apispec\ext\marshmallow\openapi.py:134: UserWarning: Multiple 
schemas resolved to the name Dataset. The name has been modified. Either 
manually add each of the schemas with a different name or provide a custom 
schema_name_resolver.
  name = get_unique_schema_name(self.spec.components, name)
C:\Users\jcrod\Desktop\Programacion\Gobernaci¾n\GestionIndicadores_Backend\venv\L
ib\site-packages\apispec\ext\marshmallow\openapi.py:134: UserWarning: Multiple 
schemas resolved to the name Field. The name has been modified. Either manually 
add each of the schemas with a different name or provide a custom 
schema_name_resolver.
  name = get_unique_schema_name(self.spec.components, name)
C:\Users\jcrod\Desktop\Programacion\Gobernaci¾n\GestionIndicadores_Backend\venv\L
ib\site-packages\apispec\ext\marshmallow\openapi.py:134: UserWarning: Multiple 
schemas resolved to the name Record. The name has been modified. Either manually 
add each of the schemas with a different name or provide a custom 
schema_name_resolver.
  name = get_unique_schema_name(self.spec.components, name)
C:\Users\jcrod\Desktop\Programacion\Gobernaci¾n\GestionIndicadores_Backend\venv\L
ib\site-packages\apispec\ext\marshmallow\openapi.py:134: UserWarning: Multiple 
schemas resolved to the name Table. The name has been modified. Either manually 
add each of the schemas with a different name or provide a custom 
schema_name_resolver.
  name = get_unique_schema_name(self.spec.components, name)
 * Debugger is active!
 * Debugger PIN: 981-669-565
